0 info it worked if it ends with ok
1 verbose cli [ 'node',
1 verbose cli   '/Users/ericso0303/.nvm/v0.10.29/bin/npm',
1 verbose cli   'run',
1 verbose cli   'dev' ]
2 info using npm@3.10.5
3 info using node@v0.10.29
4 verbose run-script [ 'predev', 'dev', 'postdev' ]
5 info lifecycle raffle-client@1.0.0~predev: raffle-client@1.0.0
6 silly lifecycle raffle-client@1.0.0~predev: no script for predev, continuing
7 info lifecycle raffle-client@1.0.0~dev: raffle-client@1.0.0
8 verbose lifecycle raffle-client@1.0.0~dev: unsafe-perm in lifecycle true
9 verbose lifecycle raffle-client@1.0.0~dev: PATH: /Users/ericso0303/.nvm/v0.10.29/lib/node_modules/npm/bin/node-gyp-bin:/Users/ericso0303/Desktop/Raffle/client/node_modules/.bin:/Users/ericso0303/.nvm/v0.10.29/bin:/Users/ericso0303/.nvm/v0.10.29/bin:/usr/bin:/bin:/usr/sbin:/sbin:/usr/local/bin:/opt/X11/bin
10 verbose lifecycle raffle-client@1.0.0~dev: CWD: /Users/ericso0303/Desktop/Raffle/client
11 silly lifecycle raffle-client@1.0.0~dev: Args: [ '-c',
11 silly lifecycle   'node ./node_modules/webpack-dev-server/bin/webpack-dev-server.js' ]
12 silly lifecycle raffle-client@1.0.0~dev: Returned: code: 8  signal: null
13 info lifecycle raffle-client@1.0.0~dev: Failed to exec dev script
14 verbose stack Error: raffle-client@1.0.0 dev: `node ./node_modules/webpack-dev-server/bin/webpack-dev-server.js`
14 verbose stack Exit status 8
14 verbose stack     at EventEmitter.<anonymous> (/Users/ericso0303/.nvm/v0.10.29/lib/node_modules/npm/lib/utils/lifecycle.js:242:16)
14 verbose stack     at EventEmitter.emit (events.js:98:17)
14 verbose stack     at ChildProcess.<anonymous> (/Users/ericso0303/.nvm/v0.10.29/lib/node_modules/npm/lib/utils/spawn.js:40:14)
14 verbose stack     at ChildProcess.emit (events.js:98:17)
14 verbose stack     at maybeClose (child_process.js:755:16)
14 verbose stack     at Process.ChildProcess._handle.onexit (child_process.js:822:5)
15 verbose pkgid raffle-client@1.0.0
16 verbose cwd /Users/ericso0303/Desktop/Raffle/client
17 error Darwin 15.6.0
18 error argv "node" "/Users/ericso0303/.nvm/v0.10.29/bin/npm" "run" "dev"
19 error node v0.10.29
20 error npm  v3.10.5
21 error code ELIFECYCLE
22 error raffle-client@1.0.0 dev: `node ./node_modules/webpack-dev-server/bin/webpack-dev-server.js`
22 error Exit status 8
23 error Failed at the raffle-client@1.0.0 dev script 'node ./node_modules/webpack-dev-server/bin/webpack-dev-server.js'.
23 error Make sure you have the latest version of node.js and npm installed.
23 error If you do, this is most likely a problem with the raffle-client package,
23 error not with npm itself.
23 error Tell the author that this fails on your system:
23 error     node ./node_modules/webpack-dev-server/bin/webpack-dev-server.js
23 error You can get information on how to open an issue for this project with:
23 error     npm bugs raffle-client
23 error Or if that isn't available, you can get their info via:
23 error     npm owner ls raffle-client
23 error There is likely additional logging output above.
24 verbose exit [ 1, true ]
